auth-service:User login success
payment-service:Transaction approved
billing-service:Invoice generated
auth-service:Token refreshed
payment-service:Refund processed
auth-service:User login success
payment-service:Transaction approved
billing-service:Invoice generated
auth-service:Token refreshed
payment-service:Refund processed
auth-service:User login success
payment-service:Transaction approved
billing-service:Invoice generated
auth-service:Token refreshed
payment-service:Refund processed
auth-service:User login success
payment-service:Transaction approved
billing-service:Invoice generated
auth-service:Token refreshed
payment-service:Refund processed
auth-service:User login success
payment-service:Transaction approved
billing-service:Invoice generated
auth-service:Token refreshed
payment-service:Refund processed
 